<?xml version="1.0" encoding="UTF-8"?>
<!-- Generated by org.testng.reporters.JUnitReportReporter -->
<testsuite skipped="0" hostname="JRDR062" name="com.phptravel.test.LandingPageTest" tests="1" failures="0" timestamp="29 Sep 2018 15:03:32 GMT" time="55.406" errors="0">
  <testcase name="verifyLoginPageLoadTitle" time="55.406" classname="com.phptravel.test.LandingPageTest"/>
</testsuite> <!-- com.phptravel.test.LandingPageTest -->
