<?xml version="1.0" encoding="UTF-8"?>
<!-- Generated by org.testng.reporters.JUnitReportReporter -->
<testsuite skipped="0" hostname="JRDR062" name="com.phptravel.test.LogInPageTest" tests="2" failures="0" timestamp="29 Sep 2018 16:24:21 GMT" time="25.140" errors="0">
  <testcase name="verifyLoginSuccessfully" time="9.751" classname="com.phptravel.test.LogInPageTest"/>
  <testcase name="verifyLoginSuccessfully" time="15.389" classname="com.phptravel.test.LogInPageTest"/>
</testsuite> <!-- com.phptravel.test.LogInPageTest -->
