<?xml version="1.0" encoding="UTF-8"?>
<!-- Generated by org.testng.reporters.JUnitReportReporter -->
<testsuite skipped="0" hostname="JRDR062" name="com.phptravel.test.LandingPageTest" tests="1" failures="0" timestamp="03 Oct 2018 05:11:01 GMT" time="18.447" errors="0">
  <testcase name="verifyLoginPageLoadTitle" time="18.447" classname="com.phptravel.test.LandingPageTest"/>
</testsuite> <!-- com.phptravel.test.LandingPageTest -->
