<?xml version="1.0" encoding="UTF-8"?>
<!-- Generated by org.testng.reporters.JUnitReportReporter -->
<testsuite skipped="0" hostname="JRDR062" name="com.phptravel.test.HomePageTest" tests="1" failures="0" timestamp="23 Sep 2018 14:31:21 GMT" time="73.296" errors="0">
  <testcase name="verifyHotelPageLoadTitle" time="73.296" classname="com.phptravel.test.HomePageTest"/>
</testsuite> <!-- com.phptravel.test.HomePageTest -->
