<?xml version="1.0" encoding="UTF-8"?>
<!-- Generated by org.testng.reporters.JUnitReportReporter -->
<testsuite skipped="0" hostname="JRDR062" name="com.phptravel.test.HomePageTest" tests="1" failures="0" timestamp="13 Oct 2018 13:22:39 GMT" time="13.006" errors="0">
  <testcase name="verifyHotelPageLoadTitle" time="13.006" classname="com.phptravel.test.HomePageTest"/>
</testsuite> <!-- com.phptravel.test.HomePageTest -->
